2024-01-15 08:15:23 INFO System startup complete
2024-01-15 08:15:45 INFO User login: admin
2024-01-15 08:16:12 INFO Database connection established
2024-01-15 08:30:45 WARNING High memory usage: 85%
2024-01-15 09:12:33 INFO Backup started
2024-01-15 09:45:22 INFO Backup completed successfully
2024-01-15 10:22:18 ERROR Failed to connect to external API
2024-01-15 10:22:19 INFO Retrying connection...
2024-01-15 10:22:25 INFO Connection successful
2024-01-15 11:05:47 WARNING Disk space low: 10GB remaining
2024-01-15 12:30:15 INFO Scheduled maintenance started
2024-01-15 12:55:40 INFO Scheduled maintenance completed
2024-01-15 13:42:08 ERROR Database query timeout
2024-01-15 13:42:10 WARNING Slow query detected
2024-01-15 14:15:33 INFO Cache cleared
2024-01-15 15:20:22 INFO User logout: admin
2024-01-15 16:05:45 WARNING CPU usage spike: 95%
2024-01-15 16:06:12 INFO CPU usage normalized
2024-01-15 17:30:18 ERROR Network connection lost
2024-01-15 17:30:22 INFO Network connection restored
2024-01-15 18:45:55 INFO Daily report generated
2024-01-15 19:00:00 INFO Automated backup started
2024-01-15 19:30:15 INFO Automated backup completed
2024-01-15 20:15:33 WARNING Security scan detected anomaly
2024-01-15 20:15:40 INFO Security team notified
2024-01-15 22:00:00 INFO System entering maintenance mode
